        0.627004       -0.181333        0.288833
        0.290101          1.2891       -0.848663
         0.86597       -0.153049         1.06824
         1.53444        0.721062         1.53352
      -0.0745548       -0.522215        0.720544
        0.646934        -2.44107       -0.596708
       0.0996466        -1.62037          0.1271
        0.459289         -1.1855       -0.534051
        0.372646        -1.22527       0.0458828
        -1.46568       -0.256882         0.37559
         1.13188        0.611673       -0.186743
         1.14643       -0.512387       0.0981718
        -1.04618        -1.79234       -0.296731
        -0.98133        0.224836       -0.632644
          1.9126        -1.25057         -2.3832
         1.03153        -1.22198       -0.189733
        0.221992        -2.36574     -0.00162309
       -0.361252         -1.7852         0.87301
         1.89781        0.265326         0.40721
        0.300151        0.011921        -2.09765
        0.672931         -1.7307     -0.00277283
        0.390066       -0.527049         1.47622
        0.128571        0.899806         1.75233
        -1.25893         1.28404        0.478993
        -0.25135         1.34778       -0.971838
       -0.854477         1.35825      0.00215684
        0.966722         -0.4386       -0.350195
       0.0641483         1.31541        -1.52934
        -1.73808        0.219862         1.48515
      -0.0428853       -0.539597        -2.26371
        -1.40319      -0.0575153         1.39443
        0.517275       -0.253243        -1.34625
       -0.104297        -1.12766        0.636639
       -0.671889         0.47736        0.944454
       -0.149167       -0.855967       -0.754009
        -1.39302        0.628453        0.797969
       -0.137673       -0.343868         2.53435
        -2.49237        -1.15241         1.20913
       -0.594541         2.40359        -1.57098
         1.70258         0.71334       -0.279365
          1.0295       -0.364982         0.11725
       -0.999986       -0.490189       -0.245381
       -0.465506       -0.757938       -0.267089
       0.0380293        -1.39488       -0.284412
        0.653776         1.41502       0.0702694
        0.421896         1.30057       -0.130424
       -0.760284       -0.686521        -1.72779
       -0.696401        0.551287        -2.33264
       -0.717567      0.00590413        0.512891
        0.077059          0.8638      -0.0925384
        -1.23588       -0.423804        -0.51582
       -0.114454        0.931554        0.313976
       -0.104515        -0.31899        0.898801
       -0.742992       0.0832517       -0.318289
       -0.762324        0.122271        0.335817
        -1.59401         1.47448        -0.45485
       0.0430236        0.465972        -1.35037
       -0.378874       -0.848322        0.181808
        -1.44543       -0.731555       -0.394868
        0.144703        0.749092        -1.68524
         1.02287         1.64257         1.43421
       -0.295394       -0.939666       -0.685467
       -0.364868        0.991971         1.10346
       -0.651924        0.725439        -2.00308
        0.224452        0.530648         -1.7601
        0.271382         2.94717       -0.038154
        -1.42296        0.884008       -0.908194
        0.752599       -0.376765         1.39582
       0.0205513        0.711178         1.08396
         1.96892        -1.20236         1.67299
       -0.728075        0.813296         1.31532
         1.72775        0.311462       -0.362255
         1.39247        -0.23689        0.125733
       0.0292348        0.685238        0.355736
        0.992636         1.69536        0.605569
       -0.851057         -1.4132       -0.796455
         1.64715        0.219032        0.660022
         1.18375       -0.543396         -1.2736
        0.677777        0.621248         -0.3596
        0.683834       -0.474359      -0.0707477
        0.185024        0.385166       -0.421459
        -1.43059        -1.14369        0.387063
          1.6921        0.030585       -0.631926
        0.485874         -1.0337         1.88361
        0.597207        -2.76382        0.613037
        -1.90451        0.251188       -0.534402
        0.268816         1.11079       0.0537247
       -0.620081        -1.23431         1.66284
         2.52129         1.24501       -0.756936
        -1.50596         1.57006         1.95509
        0.706581       -0.341293        -2.01933
       -0.195055         1.58695       -0.348926
         1.16877        0.400133       -0.982278
        0.246839        0.392745       -0.105933
       -0.473873        0.810411        0.884591
        0.727016       -0.224498       -0.442963
        -1.60502       -0.811488        0.473118
        0.150541       -0.370586       -0.232126
        -1.14585       -0.851291         0.89859
       -0.610848        0.115887        0.171092
         2.01289       -0.268922        0.663442
        -1.75004        0.795701         1.72198
       -0.812678        0.977581       -0.193991
         0.30009       -0.444653      -0.0291009
       -0.286454       -0.980748      -0.0369254
        -1.41362        0.969095         1.17717
        0.565422       -0.573497       -0.977304
       -0.504579        0.631889       -0.371735
