       -0.263155         1.06089         1.29891
       -0.926263        0.300069        0.750685
        0.179003         1.27862       -0.825839
       -0.605662        0.678689       -0.431048
         1.23963       -0.728484        -1.61796
       -0.343987        0.700789        0.437706
        0.516251        0.356552       -0.206167
       -0.838877        0.847792        0.326844
        -2.16754        -1.04353         1.44279
       -0.114099        -1.14258        0.685751
       0.0201868        -0.78728        -1.37052
        -0.85142      -0.0617331       -0.209911
        0.473107        -0.45401        0.605093
        -1.20736       -0.605082       -0.143449
       -0.180038         0.88027          1.3037
         1.55243         1.28976       -0.442777
        0.207379         1.08141       -0.772854
        0.418327        0.595467       -0.817533
       -0.300201         0.28914        0.538046
       -0.912618         1.08594        0.771043
        0.938573       -0.306361        -1.94224
        0.735978         1.61491        -2.02114
        0.243595        0.187466         0.46116
        0.879508          -1.475        0.780885
       0.0322098       -0.839013       -0.906689
        -1.07051        0.123697        0.804352
        0.302098        0.486009      -0.0355584
        0.243808        0.453871        -1.66295
       -0.740413        0.724879       -0.920386
       -0.788052        -1.30019         1.57002
       -0.228597        0.141545         2.32836
        0.258307         1.79979       -0.524296
      -0.0739415        -1.03206       -0.396126
         -1.7197         1.07879      -0.0295267
        0.945918        -1.54376         1.35285
        0.513822         -1.9455       -0.614258
         0.66024         0.66153        0.267741
          1.4578         1.14961      -0.0120745
        0.492223        0.733266       -0.650489
        0.181667       -0.821631       -0.283475
        0.998664       -0.444701        -0.57513
         1.51418        0.827384       -0.277144
       0.0457119       -0.698577        0.540288
        0.252352       -0.183962        0.295326
       -0.641331        -1.59534         1.28313
       -0.894971         0.45284       -0.700681
       -0.059109       -0.460701        0.518321
        -0.27989         1.07727         1.60665
        -1.21369        0.121189        -1.16294
        -1.22905       -0.156432       -0.180745
         1.55074      -0.0235886       -0.574878
        0.458136       -0.339556        0.514151
       -0.783753       -0.270767       -0.371284
         0.20621       -0.426905        0.868258
       0.0165643        0.899882       -0.807514
       -0.618058         1.22377         1.09951
        -0.55924       -0.566614        -1.56955
       -0.324965       -0.899053         1.01158
       -0.464027        -1.27106       0.0589377
       -0.633865        0.807203      -0.0933945
       -0.279348       -0.749535        0.434955
        -2.39141       -0.030643        0.649697
      -0.0283658       -0.745083       -0.256414
        0.758954        -2.39853        -1.23625
       -0.554699        -2.43913       -0.166577
        0.652874       -0.920401        0.647947
       -0.447756        0.150333         2.05071
        0.532571         0.53932       -0.134637
         1.54855         1.20284        -2.66074
       -0.942312        0.441379       0.0950771
        -1.65564        0.293516       -0.314018
        0.847699         0.81159       -0.501676
        -0.15064       -0.228595         1.19273
        -1.14728         1.08672       -0.688989
        0.749099       -0.790694      -0.0176578
       -0.248433       -0.925785         1.70302
        0.139368       0.0178858       -0.217436
       -0.172967        -1.14504        0.373477
       -0.181256       -0.361852         1.25615
        0.859721       -0.412034        0.653444
        0.882218       -0.412125       -0.179256
        0.728445       -0.869102       -0.931366
         1.30932         1.06285          1.8912
       0.0967217         1.16762       -0.137271
          1.5115        0.119535        0.602449
        -1.01224       0.0696972       -0.831864
      -0.0533546       -0.766488       -0.704048
        -1.38268         1.33256       -0.810536
        0.286608        0.290694      -0.0912915
         2.48828         1.35255        0.851313
        0.486387        0.408469       -0.597286
       -0.481192         0.44773         0.14893
       0.0355903       -0.730101        -2.50469
        0.301228        0.916297         0.71971
       -0.545319        0.302205        0.487446
       -0.244181       -0.886161       -0.287466
        0.848425       0.0486676        0.800603
         1.02229         1.86338       -0.395281
         0.28278       -0.283428        0.311058
       0.0468147        -1.01233        0.357811
       -0.919765        -1.51981       -0.795266
         -1.2479       -0.176882       -0.114019
       -0.379645      -0.0916601       -0.606727
       -0.357724       -0.720996        0.374572
       -0.101332         1.06545        0.224259
        0.758967        -1.07839        0.257844
        0.632983       -0.196103       -0.605793
        0.617789         1.31281       -0.669405
