          1.1571       -0.447488        -1.54272
       -0.710472        -1.04137       -0.645778
        0.153983        -1.52217         1.24474
        0.622078        0.164354       -0.623748
       -0.896386         1.16188       -0.804034
       -0.229717        -1.19865       -0.379254
        0.438345        0.474055         0.63424
        0.827187       0.0635728         1.16975
       -0.518882       -0.629611       -0.600487
       -0.622246       -0.274752        0.621559
        0.975441         1.03009        0.789156
       -0.323948       -0.196514        0.911152
         1.29464        -1.58674        -1.07759
      -0.0506328        0.653602         1.34614
      -0.0580425       0.0926766        0.360136
        0.496894         0.58732       -0.629066
       -0.417576        -1.68626         1.08056
         2.57179     -0.00749456      -0.0659506
       -0.553197        0.763798        -1.28368
        0.902748         1.51949       -0.143946
        -1.01211         1.04128        -1.05425
        0.736636        -1.05607       -0.199542
          1.3206         1.66815      -0.0960553
       -0.151411       -0.914889        -1.89542
        -0.55622         0.41492         1.11105
         1.69638       -0.583827        0.331484
         1.22543       -0.483466        0.831109
        0.668452        0.952259       -0.454835
      -0.0312189        -1.03356       -0.492242
        -2.01248       -0.797564        0.597032
        0.782919        0.472688        -1.19102
       -0.325013        -2.34455        0.119419
        0.624269        0.329764         2.16188
       -0.605139       0.0468026        -0.56834
      -0.0506547       -0.916044        -1.17248
        0.501482       -0.179801         1.40107
        0.564423       -0.552931       -0.946897
       -0.893479        -0.63443        0.175656
        -1.24318       -0.859933         1.45513
        -1.09822         0.39829        -1.54153
       -0.737797       -0.487313        -1.41604
        0.373103         1.75802        0.683279
        -1.17186        0.482597       -0.856918
        -1.90949        0.917717        -1.24884
      -0.0652594      0.00758702        -1.06952
         1.08287         1.23207        0.999632
      -0.0457192       0.0568614       -0.809589
         1.23976       -0.297447       -0.556699
        -1.36689       0.0663857         1.24851
      -0.0237787         1.45966        0.622645
        0.112472        -1.05677         2.37095
         -1.9635         1.26044       -0.438997
       -0.279336         2.04806        0.775436
       -0.264433         2.07539        0.408277
        -2.16064        0.384415      -0.0173747
      -0.0537132          1.5309           1.217
       -0.107624        -1.21251        -1.32632
        0.774181        0.135173        0.159557
        0.329834        0.440169         1.26449
        -1.08066      0.00634236        0.163445
       -0.152247         1.71261         1.00745
        0.136386        0.890726        -1.93303
         2.45317         1.37656       -0.291038
        0.829386      -0.0207082        0.326944
       -0.224366        -1.35566        0.596463
        0.328845       -0.515708        0.812998
         2.05725          2.7622       -0.418753
       -0.880754       -0.702699        0.634813
        -2.01735       -0.701977         0.40916
          2.0585       0.0390113        0.935506
        0.102687        -1.78422          1.5001
        -1.28083       -0.591294          0.8092
        -1.70035       -0.413045        -1.84365
      -0.0936824        -1.48237        0.762399
        0.465435       -0.724889       -0.535572
       -0.424345          1.7319        0.478429
         1.18931         1.67464         1.36155
      -0.0752915       -0.603469       -0.594145
        0.752471       -0.222202       -0.157333
         1.96706        0.907428          1.1006
        -1.38131        -1.80258        -1.12417
      -0.0510588      -0.0643782      -0.0564604
       -0.174329        0.937718        0.204481
        0.867794        -2.25467        -1.89493
      -0.0365175         1.64982       -0.272025
        0.401731       0.0172009        0.178162
       0.0837175       -0.793904       -0.648007
        0.768709        0.195988       -0.224976
        -1.14744       -0.954621        0.625229
         1.16305       -0.577088      -0.0492675
       -0.926605       -0.171729        -1.56135
        0.266324        0.418094        0.730618
        0.185758        -1.80989        -1.59722
         1.15025        -1.52128        0.608397
         2.29822       -0.764583        -1.01368
       -0.661716       -0.621804        0.215306
        -1.86411         1.81314      -0.0620724
        0.106339        0.400392       -0.227694
        -1.13561       -0.177289       -0.874188
          1.4156       -0.830241       -0.914726
        0.051829       -0.108806        0.959494
        0.694638         1.38944       -0.309751
       0.0635301       -0.595341       -0.879695
       -0.501316        0.292866        0.506475
        0.405781        -1.95769       -0.229025
       -0.483681         1.47683        0.452292
        -3.01014        0.505816        0.585342
        -1.92281        0.237094        0.806038
